<?xml version="1.0" encoding="UTF-8"?>
<testng-results skipped="0" failed="0" ignored="0" total="2" passed="2">
  <reporter-output>
  </reporter-output>
  <suite name="Default suite" duration-ms="9643" started-at="2021-08-02T09:19:43Z" finished-at="2021-08-02T09:19:53Z">
    <groups>
    </groups>
    <test name="Default test" duration-ms="9643" started-at="2021-08-02T09:19:43Z" finished-at="2021-08-02T09:19:53Z">
      <class name="GET_Rest_Assured.GET_Rest_Assured.Day2_POST">
        <test-method status="PASS" signature="test_01()[pri:0, instance:GET_Rest_Assured.GET_Rest_Assured.Day2_POST@6451e]" name="test_01" duration-ms="58" started-at="2021-08-02T09:19:43Z" finished-at="2021-08-02T09:19:43Z">
          <reporter-output>
          </reporter-output>
        </test-method> <!-- test_01 -->
        <test-method status="PASS" signature="test_02()[pri:0, instance:GET_Rest_Assured.GET_Rest_Assured.Day2_POST@6451e]" name="test_02" duration-ms="9375" started-at="2021-08-02T09:19:43Z" finished-at="2021-08-02T09:19:53Z">
          <reporter-output>
          </reporter-output>
        </test-method> <!-- test_02 -->
      </class> <!-- GET_Rest_Assured.GET_Rest_Assured.Day2_POST -->
    </test> <!-- Default test -->
  </suite> <!-- Default suite -->
</testng-results>
